<?xml version="1.0" encoding="UTF-8" ?>
<testsuite tests="5" failures="0" name="com.easy.properties.PropertiesLoaderTest" time="0.016" errors="0" skipped="0">
  <properties>
[...]
</properties>
  <testcase classname="com.easy.properties.PropertiesLoaderTest" name="invalidEnumIsThrownIfNoConstantDefined" time="0"/>
  <testcase classname="com.easy.properties.PropertiesLoaderTest" name="loadsPropertiesWithComments" time="0"/>
  <testcase classname="com.easy.properties.PropertiesLoaderTest" name="invalidConfigIsThrownIfConfigFileNotExists" time="0"/>
  <testcase classname="com.easy.properties.PropertiesLoaderTest" name="loadsSimpleProperties" time="0"/>
  <testcase classname="com.easy.properties.PropertiesLoaderTest" name="invalidConfigIsThrownIfConfigFileHasInvalidEntry" time="0"/>
</testsuite>